{"C:\\Drive d\\eskclub\\app\\api\\auth\\[...nextauth]\\route.ts": {"path":"C:\\Drive d\\eskclub\\app\\api\\auth\\[...nextauth]\\route.ts","statementMap":{"0":{"start":{"line":4,"column":16},"end":{"line":4,"column":37}}},"fnMap":{},"branchMap":{},"s":{"0":0},"f":{},"b":{}}
,"C:\\Drive d\\eskclub\\lib\\auth-utils.ts": {"path":"C:\\Drive d\\eskclub\\lib\\auth-utils.ts","statementMap":{"0":{"start":{"line":6,"column":2},"end":{"line":6,"column":45}},"1":{"start":{"line":10,"column":18},"end":{"line":10,"column":36}},"2":{"start":{"line":11,"column":2},"end":{"line":11,"column":23}},"3":{"start":{"line":15,"column":18},"end":{"line":15,"column":36}},"4":{"start":{"line":17,"column":2},"end":{"line":19,"column":3}},"5":{"start":{"line":18,"column":4},"end":{"line":18,"column":23}},"6":{"start":{"line":21,"column":2},"end":{"line":21,"column":17}}},"fnMap":{"0":{"name":"getSession","decl":{"start":{"line":5,"column":22},"end":{"line":5,"column":32}},"loc":{"start":{"line":5,"column":35},"end":{"line":7,"column":1}},"line":5},"1":{"name":"getCurrentUser","decl":{"start":{"line":9,"column":22},"end":{"line":9,"column":36}},"loc":{"start":{"line":9,"column":39},"end":{"line":12,"column":1}},"line":9},"2":{"name":"requireAuth","decl":{"start":{"line":14,"column":22},"end":{"line":14,"column":33}},"loc":{"start":{"line":14,"column":36},"end":{"line":22,"column":1}},"line":14}},"branchMap":{"0":{"loc":{"start":{"line":17,"column":2},"end":{"line":19,"column":3}},"type":"if","locations":[{"start":{"line":17,"column":2},"end":{"line":19,"column":3}},{"start":{},"end":{}}],"line":17}},"s":{"0":0,"1":0,"2":0,"3":0,"4":0,"5":0,"6":0},"f":{"0":0,"1":0,"2":0},"b":{"0":[0,0]}}
}
